app:com.abbypan.test
st:202311061600
i: 70bae010346e3f15fccf625b490f048eaaf382e48ab19905871690437563f38c

{
id:a

priv_device: 6C01E03D2669C921D172F49E7DDB04625A7391227B99BB08979D7AA4884056AA
pub_device: 03579E25CF0C6D9782B9A2F61A56094538993AF1F79978B533157617D2A2EADF20

priv_app: F09691A3DF81425C31D074917EE4DC1F28C8AEC5D77FC5E48679B68567465EB4
pub_app: 02111973F476816ED6AD905C6487C95C0BA88EDF9565B5685B50D0DBEDCC70D2D7

c: 9d26986c8a69c91f2fdece6ac48d9d9cf3b600cce91ee38e6b731dbfce143013

cross-account-use:
xi: 27B8046DCB1770EEBE55DC0F44B5DC38070D85D4AB08810D318CF960E5C90AB6
ci: 5ac6eac742f2530cf24ce16cfc7cab8a84fa286f222c158f748b402488825662
yi: 03A1C8356996505F27A35700B4AB073482F06C8F9D336C253C7B510AF2E3FD2949

yi2: 03a1c8356996505f27a35700b4ab073482f06c8f9d336c253c7b510af2e3fd2949
ci2: 5ac6eac742f2530cf24ce16cfc7cab8a84fa286f222c158f748b402488825662

self-account-use:
xi: A9C9F9ED51D3B1DFE2D213988B3C501BE4825515F4AF4CA63FCBD993420559C7
ci: de2e53739af02e25cdf5c63a19dbb8887c02bbefead4c33d0f3669bcdb8ca054
yi: 030700C52BBE1A53CA852AFF2A2606B0B1166E1DB36F2D817C1DF37932A5EA67E5
}

{
id:b

priv_device: F9BA7BF2E14B0FC78888E36CA34D8E0E4798FEFA0F34A0F0C84037665DDD1DFB
pub_device: 034BF8F658E2039CE631A3F28F78418A004DE061A3DD50E8896610C3A2BB4C77CC

priv_app: CEDCE462F2928FF403365B250DDFE9F251FA10DD76674C4997081FC6D4D6ACF4
pub_app: 023135351915C87FB719B0052C188F9E579A2239544B02B91AB43274AEE575A76D

c: 4bf8d2494a58402303ed3356e9a778ae4fd9c768697b82b8b5277a8e66d6dba8

cross-account-use:
xi: 01A21A9D21732D3491FD9D3F028EE0DD872C477B5CE6FD14A1637A2E391991E9
ci: 39af5556a9442b76b3cfbc51c31966544b48ee0feaeecb5b41a3a91a17bdf459
yi: 0364884304A5801E8B7A6566D50D9E66CFA60EE9099E35CA2BFBCD70BA3EBD966F

yi2: 0364884304a5801e8b7a6566d50d9e66cfa60ee9099e35ca2bfbcd70ba3ebd966f
ci2: 39af5556a9442b76b3cfbc51c31966544b48ee0feaeecb5b41a3a91a17bdf459

self-account-use:
xi: 6749589BCFF11B5774BB6B136F512DF1EEC499B7ADF7A8738E32953814947985
ci: e5464f4885719403d71270bcb54627948d1a46aa89c0fa2b0f586f13aa4b8c4e
yi: 0219EC229171E23C955B15CB0C26E1F7E2D92469EBC33FB01D006465FD61A3FAE7
}

